# JRE version: OpenJDK Runtime Environment (8.0_152-b01) (build 1.8.0_152-release-1343-b01)
# Java VM: OpenJDK 64-Bit Server VM (25.152-b01 mixed mode windows-amd64 compressed oops)
Heap:
 PSYoungGen      total 331264K, used 298092K [0x00000000e0000000, 0x00000000f6880000, 0x0000000100000000)
  eden space 301568K, 94% used [0x00000000e0000000,0x00000000f1635398,0x00000000f2680000)
  from space 29696K, 44% used [0x00000000f2680000,0x00000000f3366048,0x00000000f4380000)
  to   space 29184K, 0% used [0x00000000f4c00000,0x00000000f4c00000,0x00000000f6880000)
 ParOldGen       total 195072K, used 54404K [0x00000000a0000000, 0x00000000abe80000, 0x00000000e0000000)
  object space 195072K, 27% used [0x00000000a0000000,0x00000000a35213b8,0x00000000abe80000)
 Metaspace       used 101014K, capacity 107634K, committed 107800K, reserved 1142784K
  class space    used 12518K, capacity 13608K, committed 13608K, reserved 1048576K
GC Heap History (10 events):
Event: 15839.537 GC heap before
{Heap before GC invocations=39 (full 4):
 PSYoungGen      total 314880K, used 314821K [0x00000000e0000000, 0x00000000f6180000, 0x0000000100000000)
  eden space 293888K, 100% used [0x00000000e0000000,0x00000000f1f00000,0x00000000f1f00000)
  from space 20992K, 99% used [0x00000000f4d00000,0x00000000f6171430,0x00000000f6180000)
  to   space 29184K, 0% used [0x00000000f2880000,0x00000000f2880000,0x00000000f4500000)
 ParOldGen       total 195072K, used 53476K [0x00000000a0000000, 0x00000000abe80000, 0x00000000e0000000)
  object space 195072K, 27% used [0x00000000a0000000,0x00000000a3439358,0x00000000abe80000)
 Metaspace       used 99852K, capacity 106074K, committed 106136K, reserved 1142784K
  class space    used 12413K, capacity 13467K, committed 13480K, reserved 1048576K
Event: 15839.564 GC heap after
Heap after GC invocations=39 (full 4):
 PSYoungGen      total 311296K, used 27017K [0x00000000e0000000, 0x00000000f5280000, 0x0000000100000000)
  eden space 284160K, 0% used [0x00000000e0000000,0x00000000e0000000,0x00000000f1580000)
  from space 27136K, 99% used [0x00000000f2880000,0x00000000f42e24d0,0x00000000f4300000)
  to   space 15872K, 0% used [0x00000000f4300000,0x00000000f4300000,0x00000000f5280000)
 ParOldGen       total 195072K, used 53804K [0x00000000a0000000, 0x00000000abe80000, 0x00000000e0000000)
  object space 195072K, 27% used [0x00000000a0000000,0x00000000a348b358,0x00000000abe80000)
 Metaspace       used 99852K, capacity 106074K, committed 106136K, reserved 1142784K
  class space    used 12413K, capacity 13467K, committed 13480K, reserved 1048576K
}
Event: 15843.112 GC heap before
{Heap before GC invocations=40 (full 4):
 PSYoungGen      total 311296K, used 311177K [0x00000000e0000000, 0x00000000f5280000, 0x0000000100000000)
  eden space 284160K, 100% used [0x00000000e0000000,0x00000000f1580000,0x00000000f1580000)
  from space 27136K, 99% used [0x00000000f2880000,0x00000000f42e24d0,0x00000000f4300000)
  to   space 15872K, 0% used [0x00000000f4300000,0x00000000f4300000,0x00000000f5280000)
 ParOldGen       total 195072K, used 53804K [0x00000000a0000000, 0x00000000abe80000, 0x00000000e0000000)
  object space 195072K, 27% used [0x00000000a0000000,0x00000000a348b358,0x00000000abe80000)
 Metaspace       used 99921K, capacity 106146K, committed 106392K, reserved 1142784K
  class space    used 12413K, capacity 13467K, committed 13480K, reserved 1048576K
Event: 15843.151 GC heap after
Heap after GC invocations=40 (full 4):
 PSYoungGen      total 309248K, used 15862K [0x00000000e0000000, 0x00000000f5a80000, 0x0000000100000000)
  eden space 293376K, 0% used [0x00000000e0000000,0x00000000e0000000,0x00000000f1e80000)
  from space 15872K, 99% used [0x00000000f4300000,0x00000000f527da68,0x00000000f5280000)
  to   space 30720K, 0% used [0x00000000f1e80000,0x00000000f1e80000,0x00000000f3c80000)
 ParOldGen       total 195072K, used 53932K [0x00000000a0000000, 0x00000000abe80000, 0x00000000e0000000)
  object space 195072K, 27% used [0x00000000a0000000,0x00000000a34ab358,0x00000000abe80000)
 Metaspace       used 99921K, capacity 106146K, committed 106392K, reserved 1142784K
  class space    used 12413K, capacity 13467K, committed 13480K, reserved 1048576K
}
Event: 16530.233 GC heap before
{Heap before GC invocations=41 (full 4):
 PSYoungGen      total 309248K, used 309238K [0x00000000e0000000, 0x00000000f5a80000, 0x0000000100000000)
  eden space 293376K, 100% used [0x00000000e0000000,0x00000000f1e80000,0x00000000f1e80000)
  from space 15872K, 99% used [0x00000000f4300000,0x00000000f527da68,0x00000000f5280000)
  to   space 30720K, 0% used [0x00000000f1e80000,0x00000000f1e80000,0x00000000f3c80000)
 ParOldGen       total 195072K, used 53932K [0x00000000a0000000, 0x00000000abe80000, 0x00000000e0000000)
  object space 195072K, 27% used [0x00000000a0000000,0x00000000a34ab358,0x00000000abe80000)
 Metaspace       used 100227K, capacity 106678K, committed 106776K, reserved 1142784K
  class space    used 12455K, capacity 13545K, committed 13608K, reserved 1048576K
Event: 16530.260 GC heap after
Heap after GC invocations=41 (full 4):
 PSYoungGen      total 324096K, used 14657K [0x00000000e0000000, 0x00000000f6100000, 0x0000000100000000)
  eden space 293376K, 0% used [0x00000000e0000000,0x00000000e0000000,0x00000000f1e80000)
  from space 30720K, 47% used [0x00000000f1e80000,0x00000000f2cd04c8,0x00000000f3c80000)
  to   space 30208K, 0% used [0x00000000f4380000,0x00000000f4380000,0x00000000f6100000)
 ParOldGen       total 195072K, used 54372K [0x00000000a0000000, 0x00000000abe80000, 0x00000000e0000000)
  object space 195072K, 27% used [0x00000000a0000000,0x00000000a35193b8,0x00000000abe80000)
 Metaspace       used 100227K, capacity 106678K, committed 106776K, reserved 1142784K
  class space    used 12455K, capacity 13545K, committed 13608K, reserved 1048576K
}
Event: 16532.796 GC heap before
{Heap before GC invocations=42 (full 4):
 PSYoungGen      total 324096K, used 307370K [0x00000000e0000000, 0x00000000f6100000, 0x0000000100000000)
  eden space 293376K, 99% used [0x00000000e0000000,0x00000000f1dda398,0x00000000f1e80000)
  from space 30720K, 47% used [0x00000000f1e80000,0x00000000f2cd04c8,0x00000000f3c80000)
  to   space 30208K, 0% used [0x00000000f4380000,0x00000000f4380000,0x00000000f6100000)
 ParOldGen       total 195072K, used 54372K [0x00000000a0000000, 0x00000000abe80000, 0x00000000e0000000)
  object space 195072K, 27% used [0x00000000a0000000,0x00000000a35193b8,0x00000000abe80000)
 Metaspace       used 100343K, capacity 106802K, committed 107032K, reserved 1142784K
  class space    used 12461K, capacity 13554K, committed 13608K, reserved 1048576K
Event: 16532.823 GC heap after
Heap after GC invocations=42 (full 4):
 PSYoungGen      total 331776K, used 12851K [0x00000000e0000000, 0x00000000f6380000, 0x0000000100000000)
  eden space 301568K, 0% used [0x00000000e0000000,0x00000000e0000000,0x00000000f2680000)
  from space 30208K, 42% used [0x00000000f4380000,0x00000000f500cf10,0x00000000f6100000)
  to   space 29696K, 0% used [0x00000000f2680000,0x00000000f2680000,0x00000000f4380000)
 ParOldGen       total 195072K, used 54372K [0x00000000a0000000, 0x00000000abe80000, 0x00000000e0000000)
  object space 195072K, 27% used [0x00000000a0000000,0x00000000a35193b8,0x00000000abe80000)
 Metaspace       used 100343K, capacity 106802K, committed 107032K, reserved 1142784K
  class space    used 12461K, capacity 13554K, committed 13608K, reserved 1048576K
}
Event: 16567.949 GC heap before
{Heap before GC invocations=43 (full 4):
 PSYoungGen      total 331776K, used 314419K [0x00000000e0000000, 0x00000000f6380000, 0x0000000100000000)
  eden space 301568K, 100% used [0x00000000e0000000,0x00000000f2680000,0x00000000f2680000)
  from space 30208K, 42% used [0x00000000f4380000,0x00000000f500cf10,0x00000000f6100000)
  to   space 29696K, 0% used [0x00000000f2680000,0x00000000f2680000,0x00000000f4380000)
 ParOldGen       total 195072K, used 54372K [0x00000000a0000000, 0x00000000abe80000, 0x00000000e0000000)
  object space 195072K, 27% used [0x00000000a0000000,0x00000000a35193b8,0x00000000abe80000)
 Metaspace       used 100472K, capacity 107114K, committed 107288K, reserved 1142784K
  class space    used 12473K, capacity 13574K, committed 13608K, reserved 1048576K
Event: 16567.967 GC heap after
Heap after GC invocations=43 (full 4):
 PSYoungGen      total 331264K, used 13208K [0x00000000e0000000, 0x00000000f6880000, 0x0000000100000000)
  eden space 301568K, 0% used [0x00000000e0000000,0x00000000e0000000,0x00000000f2680000)
  from space 29696K, 44% used [0x00000000f2680000,0x00000000f3366048,0x00000000f4380000)
  to   space 29184K, 0% used [0x00000000f4c00000,0x00000000f4c00000,0x00000000f6880000)
 ParOldGen       total 195072K, used 54404K [0x00000000a0000000, 0x00000000abe80000, 0x00000000e0000000)
  object space 195072K, 27% used [0x00000000a0000000,0x00000000a35213b8,0x00000000abe80000)
 Metaspace       used 100472K, capacity 107114K, committed 107288K, reserved 1142784K
  class space    used 12473K, capacity 13574K, committed 13608K, reserved 1048576K
}

